RuntimeError("generator didn't stop after throw()")Traceback (most recent call last): File "/Users/changikchoi/Documents/Github/ssuljaengi_v4/app/core/telemetry.py", line 53, in trace_span yield span File "/Users/changikchoi/Documents/Github/ssuljaengi_v4/app/graphs/nodes/__init__.py", line 767, in run_blind_test_evaluator _prompt_blind_reader(panel_semantics.payload), ^^^^^^^^^^^^^^^^^^^^^^^^^^^^^^^^^^^^^^^^^^^^^ File "/Users/changikchoi/Documents/Github/ssuljaengi_v4/app/graphs/nodes/__init__.py", line 1737, in _prompt_blind_reader desc += f" Dialogue: {' '.join(dialogue)}" ^^^^^^^^^^^^^^^^^^ TypeError: sequence item 0: expected str instance, dict found During handling of the above exception, another exception occurred: Traceback (most recent call last): File "/Users/changikchoi/.pyenv/versions/3.12.2/lib/python3.12/site-packages/langgraph/_internal/_runnable.py", line 656, in invoke input = context.run(step.invoke, input, config, **kwargs) ^^^^^^^^^^^^^^^^^^^^^^^^^^^^^^^^^^^^^^^^^^^^^^^^^ File "/Users/changikchoi/.pyenv/versions/3.12.2/lib/python3.12/site-packages/langgraph/_internal/_runnable.py", line 400, in invoke ret = self.func(*args, **kwargs) ^^^^^^^^^^^^^^^^^^^^^^^^^^ File "/Users/changikchoi/Documents/Github/ssuljaengi_v4/app/graphs/story_build.py", line 237, in _node_blind_test_runner artifact = nodes.run_blind_test_evaluator(state["db"], uuid.UUID(scene_id), gemini=gemini) ^^^^^^^^^^^^^^^^^^^^^^^^^^^^^^^^^^^^^^^^^^^^^^^^^^^^^^^^^^^^^^^^^^^^^^^^^^^^^^^ File "/Users/changikchoi/Documents/Github/ssuljaengi_v4/app/graphs/nodes/__init__.py", line 745, in run_blind_test_evaluator with trace_span("graph.blind_test_evaluator", scene_id=str(scene_id)): File "/Users/changikchoi/.pyenv/versions/3.12.2/lib/python3.12/contextlib.py", line 194, in __exit__ raise RuntimeError("generator didn't stop after throw()") RuntimeError: generator didn't stop after throw()

